#
# A fatal error has been detected by the Java Runtime Environment:
#
#  SIGSEGV (0xb) at pc=0x00007faec1eea490, pid=5458, tid=5476
#
# JRE version: OpenJDK Runtime Environment (21.0.7) (build 21.0.7+-13880790-b1038.58)
# Java VM: OpenJDK 64-Bit Server VM (21.0.7+-13880790-b1038.58, mixed mode, tiered, compressed oops, compressed class ptrs, g1 gc, linux-amd64)
# Problematic frame:
# J 35625 c1 com.android.ide.common.resources.MergedResourceMergerItem.getSourceType()Lcom/android/ide/common/resources/DataFile$FileType; (4 bytes) @ 0x00007faec1eea490 [0x00007faec1eea620+0xfffffffffffffe70]
#
# Core dump will be written. Default location: Core dumps may be processed with "/usr/share/apport/apport -p%p -s%s -c%c -d%d -P%P -u%u -g%g -F%F -- %E" (or dumping to /home/nikhil/AndroidStudioProjects/sagarsweets/core.5458)
#
# If you would like to submit a bug report, please visit:
#   https://youtrack.jetbrains.com/issues/JBR
#

---------------  S U M M A R Y ------------

Command Line: --add-opens=java.base/java.lang=ALL-UNNAMED --add-opens=java.base/java.lang.invoke=ALL-UNNAMED --add-opens=java.base/java.util=ALL-UNNAMED --add-opens=java.prefs/java.util.prefs=ALL-UNNAMED --add-exports=jdk.compiler/com.sun.tools.javac.api=ALL-UNNAMED --add-exports=jdk.compiler/com.sun.tools.javac.util=ALL-UNNAMED --add-opens=java.base/java.util=ALL-UNNAMED --add-opens=java.prefs/java.util.prefs=ALL-UNNAMED --add-opens=java.base/java.nio.charset=ALL-UNNAMED --add-opens=java.base/java.net=ALL-UNNAMED --add-opens=java.base/java.util.concurrent.atomic=ALL-UNNAMED --add-opens=java.xml/javax.xml.namespace=ALL-UNNAMED -Xmx2048m -Dfile.encoding=UTF-8 -Duser.country=IN -Duser.language=en -Duser.variant -javaagent:/home/nikhil/.gradle/wrapper/dists/gradle-8.13-bin/5xuhj0ry160q40clulazy9h7d/gradle-8.13/lib/agents/gradle-instrumentation-agent-8.13.jar -Dawt.toolkit.name=XToolkit org.gradle.launcher.daemon.bootstrap.GradleDaemon 8.13

Host: 
[timeout occurred during error reporting in step "printing summary machine and OS info"] after 30 s.
Time: Sat Jan 10 21:35:15 2026 IST elapsed time: 4508.568207 seconds (0d 1h 15m 8s)

---------------  T H R E A D  ---------------

Current thread (0x00007faed42132a0):  JavaThread "C1 CompilerThread0" daemon [_thread_in_vm, id=5476, stack(0x00007fae939fa000,0x00007fae93afb000) (1028K)]


Current CompileTask:
C1:4508568 36394       2       java.util.Calendar$Builder::
[timeout occurred during error reporting in step "printing current compile task"] after 30 s.
Stack: [0x00007fae939fa000,0x00007fae93afb000],  sp=0x00007fae93af8ac0,  free space=1018k
Native frames: (J=compiled Java code, j=interpreted, Vv=VM code, C=native code)
J 35625 c1 com.android.ide.common.resources.MergedResourceMergerItem.getSourceType()Lcom/android/ide/common/resources/DataFile$FileType; (4 bytes) @ 0x00007faec1eea490 [0x00007faec1eea620+0xfffffffffffffe70]
------ Timeout during error reporting after 120 s. ------
